<?xml version="1.0" encoding="UTF-8"?>
<!-- Generated by org.testng.reporters.JUnitReportReporter -->
<testsuite skipped="0" hostname="Veeranti" name="com.HRM.testcases.LoginPageTest" tests="4" failures="0" timestamp="24 Jul 2018 07:46:58 GMT" time="79.346" errors="0">
  <testcase name="verifyLoginPageTitleTest" time="15.515" classname="com.HRM.testcases.LoginPageTest"/>
  <testcase name="verifyLoginPageLogoTest" time="24.510" classname="com.HRM.testcases.LoginPageTest"/>
  <testcase name="verifyAdminCredintialsTest" time="27.516" classname="com.HRM.testcases.LoginPageTest"/>
  <testcase name="verifyUserCredintialsTest" time="11.805" classname="com.HRM.testcases.LoginPageTest"/>
</testsuite> <!-- com.HRM.testcases.LoginPageTest -->
