<?xml version="1.0" encoding="UTF-8"?>
<!-- Generated by org.testng.reporters.JUnitReportReporter -->
<testsuite skipped="2" hostname="Veeranti" name="com.HRM.testcases.LocationsPageTest" tests="4" failures="0" timestamp="13 Aug 2018 06:36:54 GMT" time="43.993" errors="0">
  <testcase name="VerifyDeleteJobTitlesTest" time="29.318" classname="com.HRM.testcases.LocationsPageTest"/>
  <testcase name="VerifyDeleteJobTitlesTest" time="14.675" classname="com.HRM.testcases.LocationsPageTest"/>
  <testcase name="VerifyAddLocationsTest" classname="com.HRM.testcases.LocationsPageTest">
    <skipped/>
  </testcase> <!-- VerifyAddLocationsTest -->
  <testcase name="VerifyJobTitlesPageHeaderTest" classname="com.HRM.testcases.LocationsPageTest">
    <skipped/>
  </testcase> <!-- VerifyJobTitlesPageHeaderTest -->
</testsuite> <!-- com.HRM.testcases.LocationsPageTest -->
