<?xml version="1.0" encoding="UTF-8"?>
<!-- Generated by org.testng.reporters.JUnitReportReporter -->
<testsuite skipped="0" hostname="Veeranti" name="com.HRM.testcases.LoginPageTest" tests="4" failures="0" timestamp="26 Jul 2018 07:37:56 GMT" time="41.998" errors="0">
  <testcase name="verifyLoginPageTitleTest" time="7.991" classname="com.HRM.testcases.LoginPageTest"/>
  <testcase name="verifyLoginPageLogoTest" time="8.099" classname="com.HRM.testcases.LoginPageTest"/>
  <testcase name="verifyAdminCredintialsTest" time="16.396" classname="com.HRM.testcases.LoginPageTest"/>
  <testcase name="verifyUserCredintialsTest" time="9.512" classname="com.HRM.testcases.LoginPageTest"/>
</testsuite> <!-- com.HRM.testcases.LoginPageTest -->
