<?xml version="1.0" encoding="UTF-8"?>
<!-- Generated by org.testng.reporters.JUnitReportReporter -->
<testsuite skipped="0" hostname="Veeranti" name="com.HRM.testcases.AddJobTitlePageTemp" tests="1" failures="0" timestamp="27 Jul 2018 15:55:41 GMT" time="19.740" errors="0">
  <testcase name="verifyTest" time="19.740" classname="com.HRM.testcases.AddJobTitlePageTemp"/>
</testsuite> <!-- com.HRM.testcases.AddJobTitlePageTemp -->
