<?xml version="1.0" encoding="UTF-8"?>
<!-- Generated by org.testng.reporters.JUnitReportReporter -->
<testsuite skipped="1" hostname="HICWW7NA512SG3W" name="com.HRM.testcases.LoginPageTest" tests="4" failures="0" timestamp="21 Jul 2018 16:25:18 GMT" time="15.670" errors="0">
  <testcase name="verifyeLoginPageTitleTest" time="3.524" classname="com.HRM.testcases.LoginPageTest"/>
  <testcase name="verifyLoginPageLogoTest" time="3.945" classname="com.HRM.testcases.LoginPageTest"/>
  <testcase name="verifyAdminCredintialsTest" time="8.201" classname="com.HRM.testcases.LoginPageTest"/>
  <testcase name="verifyUserCredintialsTest" classname="com.HRM.testcases.LoginPageTest">
    <skipped/>
  </testcase> <!-- verifyUserCredintialsTest -->
</testsuite> <!-- com.HRM.testcases.LoginPageTest -->
