<?xml version="1.0" encoding="UTF-8"?>
<!-- Generated by org.testng.reporters.JUnitReportReporter -->
<testsuite skipped="0" hostname="Veeranti" name="com.HRM.testcases.LeavePageTest" tests="10" failures="0" timestamp="26 Jul 2018 07:37:56 GMT" time="228.776" errors="0">
  <testcase name="verifyLeavePageHeaderTest" time="16.401" classname="com.HRM.testcases.LeavePageTest"/>
  <testcase name="verifyAddEntitlementsMenuTest" time="16.502" classname="com.HRM.testcases.LeavePageTest"/>
  <testcase name="verifyEmployeeEntitlementsMenuTest" time="39.662" classname="com.HRM.testcases.LeavePageTest"/>
  <testcase name="verifyLeaveUsageReportMenuTest" time="14.055" classname="com.HRM.testcases.LeavePageTest"/>
  <testcase name="verifyLeavePeriodMenuTest" time="16.539" classname="com.HRM.testcases.LeavePageTest"/>
  <testcase name="verifyLeaveTypesMenuTest" time="13.763" classname="com.HRM.testcases.LeavePageTest"/>
  <testcase name="verifyWorkWeekPageMenuTest" time="37.872" classname="com.HRM.testcases.LeavePageTest"/>
  <testcase name="verifyHolidaysMenuTest" time="31.890" classname="com.HRM.testcases.LeavePageTest"/>
  <testcase name="verifyLeaveLeaveListMenuTest" time="17.871" classname="com.HRM.testcases.LeavePageTest"/>
  <testcase name="verifyAssignLeaveMenuTest" time="24.221" classname="com.HRM.testcases.LeavePageTest"/>
</testsuite> <!-- com.HRM.testcases.LeavePageTest -->
