<?xml version="1.0" encoding="UTF-8"?>
<!-- Generated by org.testng.reporters.JUnitReportReporter -->
<testsuite skipped="0" hostname="Veeranti" name="com.HRM.testcases.LoginPageTest" tests="4" failures="0" timestamp="29 Jul 2018 09:52:12 GMT" time="60.294" errors="0">
  <testcase name="verifyLoginPageTitleTest" time="10.699" classname="com.HRM.testcases.LoginPageTest"/>
  <testcase name="verifyLoginPageLogoTest" time="26.983" classname="com.HRM.testcases.LoginPageTest"/>
  <testcase name="verifyAdminCredintialsTest" time="13.083" classname="com.HRM.testcases.LoginPageTest"/>
  <testcase name="verifyUserCredintialsTest" time="9.529" classname="com.HRM.testcases.LoginPageTest"/>
</testsuite> <!-- com.HRM.testcases.LoginPageTest -->
