<?xml version="1.0" encoding="UTF-8"?>
<!-- Generated by org.testng.reporters.JUnitReportReporter -->
<testsuite skipped="0" hostname="Veeranti" name="com.HRM.testcases.PerformancePageTest" tests="4" failures="0" timestamp="29 Jul 2018 09:52:12 GMT" time="70.133" errors="0">
  <testcase name="verifyKPIsMenuTest" time="20.138" classname="com.HRM.testcases.PerformancePageTest"/>
  <testcase name="verifyTrackersMenuTest" time="16.314" classname="com.HRM.testcases.PerformancePageTest"/>
  <testcase name="verifyManageReviewsMenuTest" time="14.729" classname="com.HRM.testcases.PerformancePageTest"/>
  <testcase name="verifyEmployeeTrackersMenuTest" time="18.952" classname="com.HRM.testcases.PerformancePageTest"/>
</testsuite> <!-- com.HRM.testcases.PerformancePageTest -->
