<?xml version="1.0" encoding="UTF-8"?>
<!-- Generated by org.testng.reporters.JUnitReportReporter -->
<testsuite skipped="0" hostname="Veeranti" name="com.HRM.testcases.UsersPageTest" tests="3" failures="0" timestamp="29 Jul 2018 09:52:12 GMT" time="52.336" errors="0">
  <testcase name="verifyAddRoleTest" time="15.617" classname="com.HRM.testcases.UsersPageTest"/>
  <testcase name="verifyDeleteRoleTest" time="20.891" classname="com.HRM.testcases.UsersPageTest"/>
  <testcase name="verifyUserRoleDataTest" time="15.828" classname="com.HRM.testcases.UsersPageTest"/>
</testsuite> <!-- com.HRM.testcases.UsersPageTest -->
