<?xml version="1.0" encoding="UTF-8"?>
<!-- Generated by org.testng.reporters.JUnitReportReporter -->
<testsuite skipped="0" hostname="Veeranti" name="com.HRM.testcases.TimePageTest" tests="9" failures="0" timestamp="26 Jul 2018 07:37:56 GMT" time="143.650" errors="0">
  <testcase name="verifyTimePageHeaderTest" time="12.176" classname="com.HRM.testcases.TimePageTest"/>
  <testcase name="verifyEmployeeTimeSheetsMenuTest" time="23.485" classname="com.HRM.testcases.TimePageTest"/>
  <testcase name="verifyEmployeeRecordsMenuTest" time="17.721" classname="com.HRM.testcases.TimePageTest"/>
  <testcase name="verifyAttendenceConfigMenuTest" time="15.655" classname="com.HRM.testcases.TimePageTest"/>
  <testcase name="verifyProjectReportsMenuTest" time="14.740" classname="com.HRM.testcases.TimePageTest"/>
  <testcase name="verifyEmployeeReportsMenuTest" time="16.822" classname="com.HRM.testcases.TimePageTest"/>
  <testcase name="verifyAttendanceSummaryMenuTest" time="14.760" classname="com.HRM.testcases.TimePageTest"/>
  <testcase name="verifyCustomersMenuTest" time="14.778" classname="com.HRM.testcases.TimePageTest"/>
  <testcase name="verifyProjectsMenuTest" time="13.513" classname="com.HRM.testcases.TimePageTest"/>
</testsuite> <!-- com.HRM.testcases.TimePageTest -->
