<?xml version="1.0" encoding="UTF-8"?>
<!-- Generated by org.testng.reporters.JUnitReportReporter -->
<testsuite skipped="0" hostname="Veeranti" name="com.HRM.testcases.AdminModulePageTest" tests="3" failures="0" timestamp="23 Jul 2018 06:25:33 GMT" time="61.339" errors="0">
  <testcase name="verifyAddRoleTest" time="20.352" classname="com.HRM.testcases.AdminModulePageTest"/>
  <testcase name="verifyDeleteRoleTest" time="21.646" classname="com.HRM.testcases.AdminModulePageTest"/>
  <testcase name="verifyUserRoleDataTest" time="19.341" classname="com.HRM.testcases.AdminModulePageTest"/>
</testsuite> <!-- com.HRM.testcases.AdminModulePageTest -->
