<?xml version="1.0" encoding="UTF-8"?>
<!-- Generated by org.testng.reporters.JUnitReportReporter -->
<testsuite skipped="0" hostname="Veeranti" name="com.HRM.testcases.TimePageTest" tests="9" failures="0" timestamp="29 Jul 2018 09:52:12 GMT" time="198.791" errors="0">
  <testcase name="verifyTimePageHeaderTest" time="27.160" classname="com.HRM.testcases.TimePageTest"/>
  <testcase name="verifyEmployeeTimeSheetsMenuTest" time="17.502" classname="com.HRM.testcases.TimePageTest"/>
  <testcase name="verifyEmployeeRecordsMenuTest" time="17.713" classname="com.HRM.testcases.TimePageTest"/>
  <testcase name="verifyAttendenceConfigMenuTest" time="37.540" classname="com.HRM.testcases.TimePageTest"/>
  <testcase name="verifyProjectReportsMenuTest" time="22.158" classname="com.HRM.testcases.TimePageTest"/>
  <testcase name="verifyEmployeeReportsMenuTest" time="16.025" classname="com.HRM.testcases.TimePageTest"/>
  <testcase name="verifyAttendanceSummaryMenuTest" time="16.255" classname="com.HRM.testcases.TimePageTest"/>
  <testcase name="verifyCustomersMenuTest" time="24.997" classname="com.HRM.testcases.TimePageTest"/>
  <testcase name="verifyProjectsMenuTest" time="19.441" classname="com.HRM.testcases.TimePageTest"/>
</testsuite> <!-- com.HRM.testcases.TimePageTest -->
