<?xml version="1.0" encoding="UTF-8"?>
<!-- Generated by org.testng.reporters.JUnitReportReporter -->
<testsuite skipped="0" hostname="Veeranti" name="com.HRM.testcases.RecruitmentPageTest" tests="3" failures="0" timestamp="26 Jul 2018 07:37:56 GMT" time="50.551" errors="0">
  <testcase name="verifyRecruitmentPageHeaderTest" time="17.796" classname="com.HRM.testcases.RecruitmentPageTest"/>
  <testcase name="verifyCandidatesMenuTest" time="14.874" classname="com.HRM.testcases.RecruitmentPageTest"/>
  <testcase name="verifyVacanciesMenuTest" time="17.881" classname="com.HRM.testcases.RecruitmentPageTest"/>
</testsuite> <!-- com.HRM.testcases.RecruitmentPageTest -->
