<?xml version="1.0" encoding="UTF-8"?>
<!-- Generated by org.testng.reporters.JUnitReportReporter -->
<testsuite skipped="0" hostname="HICWW7NA512SG3W" name="com.HRM.testcases.AdminModulePageTest" tests="2" failures="0" timestamp="23 Jul 2018 11:07:38 GMT" time="20.728" errors="0">
  <testcase name="verifyAdminPageHeaderTest" time="10.115" classname="com.HRM.testcases.AdminModulePageTest"/>
  <testcase name="verifyClickonUsersMenuTest" time="10.613" classname="com.HRM.testcases.AdminModulePageTest"/>
</testsuite> <!-- com.HRM.testcases.AdminModulePageTest -->
