<?xml version="1.0" encoding="UTF-8"?>
<!-- Generated by org.testng.reporters.JUnitReportReporter -->
<testsuite skipped="0" hostname="Veeranti" name="com.HRM.testcases.LoginPageTest" tests="4" failures="0" timestamp="22 Jul 2018 17:53:48 GMT" time="72.352" errors="0">
  <testcase name="verifyeLoginPageTitleTest" time="14.617" classname="com.HRM.testcases.LoginPageTest"/>
  <testcase name="verifyLoginPageLogoTest" time="12.616" classname="com.HRM.testcases.LoginPageTest"/>
  <testcase name="verifyAdminCredintialsTest" time="25.843" classname="com.HRM.testcases.LoginPageTest"/>
  <testcase name="verifyUserCredintialsTest" time="19.276" classname="com.HRM.testcases.LoginPageTest"/>
</testsuite> <!-- com.HRM.testcases.LoginPageTest -->
