<?xml version="1.0" encoding="UTF-8"?>
<!-- Generated by org.testng.reporters.JUnitReportReporter -->
<testsuite skipped="0" hostname="Veeranti" name="com.HRM.testcases.PIMPageTest" tests="9" failures="0" timestamp="25 Jul 2018 08:00:59 GMT" time="339.679" errors="0">
  <testcase name="verifyPIMPageHeaderTest" time="13.029" classname="com.HRM.testcases.PIMPageTest"/>
  <testcase name="verifyOptionalFieldsMenuTest" time="17.264" classname="com.HRM.testcases.PIMPageTest"/>
  <testcase name="verifyCustomFieldsMenuTest" time="49.447" classname="com.HRM.testcases.PIMPageTest"/>
  <testcase name="verifyEmpDataImportMenuTest" time="34.061" classname="com.HRM.testcases.PIMPageTest"/>
  <testcase name="verifyReportingMethodsMenuTest" time="34.034" classname="com.HRM.testcases.PIMPageTest"/>
  <testcase name="verifyTerminationsReasonsMenuTest" time="65.210" classname="com.HRM.testcases.PIMPageTest"/>
  <testcase name="verifyEmployeeListMenuTest" time="44.763" classname="com.HRM.testcases.PIMPageTest"/>
  <testcase name="verifyAddEmployeeMenuTest" time="45.577" classname="com.HRM.testcases.PIMPageTest"/>
  <testcase name="verifyReportsMenuTest" time="36.294" classname="com.HRM.testcases.PIMPageTest"/>
</testsuite> <!-- com.HRM.testcases.PIMPageTest -->
