<?xml version="1.0" encoding="UTF-8"?>
<!-- Generated by org.testng.reporters.JUnitReportReporter -->
<testsuite skipped="0" hostname="HICWW7NA512SG3W" name="com.HRM.testcases.UsersPageTest" tests="3" failures="0" timestamp="23 Jul 2018 15:10:10 GMT" time="32.480" errors="0">
  <testcase name="verifyAddRoleTest" time="10.691" classname="com.HRM.testcases.UsersPageTest"/>
  <testcase name="verifyDeleteRoleTest" time="12.118" classname="com.HRM.testcases.UsersPageTest"/>
  <testcase name="verifyUserRoleDataTest" time="9.671" classname="com.HRM.testcases.UsersPageTest"/>
</testsuite> <!-- com.HRM.testcases.UsersPageTest -->
