<?xml version="1.0" encoding="UTF-8"?>
<!-- Generated by org.testng.reporters.JUnitReportReporter -->
<testsuite skipped="0" hostname="Veeranti" name="com.HRM.testcases.AdminModulePageTest" tests="22" failures="0" timestamp="24 Jul 2018 07:46:58 GMT" time="439.200" errors="0">
  <testcase name="verifyAdminPageHeaderTest" time="16.027" classname="com.HRM.testcases.AdminModulePageTest"/>
  <testcase name="verifyClickonUsersMenuTest" time="17.846" classname="com.HRM.testcases.AdminModulePageTest"/>
  <testcase name="verifyJobTitlesMenuTest" time="19.475" classname="com.HRM.testcases.AdminModulePageTest"/>
  <testcase name="verifyPayGradesMenuTest" time="21.383" classname="com.HRM.testcases.AdminModulePageTest"/>
  <testcase name="verifyEmploymentStatusMenuTest" time="16.437" classname="com.HRM.testcases.AdminModulePageTest"/>
  <testcase name="verifyWorkShiftsMenuTest" time="19.099" classname="com.HRM.testcases.AdminModulePageTest"/>
  <testcase name="verifyJobCategoriesMenuTest" time="20.063" classname="com.HRM.testcases.AdminModulePageTest"/>
  <testcase name="verifyGeneralInfoMenuTest" time="16.686" classname="com.HRM.testcases.AdminModulePageTest"/>
  <testcase name="verifyLocationsMenuTest" time="14.915" classname="com.HRM.testcases.AdminModulePageTest"/>
  <testcase name="verifyStructureMenuTest" time="19.833" classname="com.HRM.testcases.AdminModulePageTest"/>
  <testcase name="verifySkillsMenuTest" time="20.870" classname="com.HRM.testcases.AdminModulePageTest"/>
  <testcase name="verifyEducationMenuTest" time="15.229" classname="com.HRM.testcases.AdminModulePageTest"/>
  <testcase name="verifyLicensesMenuTest" time="18.264" classname="com.HRM.testcases.AdminModulePageTest"/>
  <testcase name="verifyLanguagesMenuTest" time="17.376" classname="com.HRM.testcases.AdminModulePageTest"/>
  <testcase name="verifyMembershipsMenuTest" time="17.896" classname="com.HRM.testcases.AdminModulePageTest"/>
  <testcase name="verifyNationalitiesMenuTest" time="17.898" classname="com.HRM.testcases.AdminModulePageTest"/>
  <testcase name="verifyEmailConfigMenuTest" time="28.409" classname="com.HRM.testcases.AdminModulePageTest"/>
  <testcase name="verifyEmailNotifyMenuTest" time="20.190" classname="com.HRM.testcases.AdminModulePageTest"/>
  <testcase name="verifyLocalizationMenuTest" time="16.830" classname="com.HRM.testcases.AdminModulePageTest"/>
  <testcase name="verifyModulesMenuTest" time="45.094" classname="com.HRM.testcases.AdminModulePageTest"/>
  <testcase name="verifySocialMediaMenuTest" time="22.927" classname="com.HRM.testcases.AdminModulePageTest"/>
  <testcase name="verifyOAuthClientMenuTest" time="16.453" classname="com.HRM.testcases.AdminModulePageTest"/>
</testsuite> <!-- com.HRM.testcases.AdminModulePageTest -->
