<?xml version="1.0" encoding="UTF-8"?>
<!-- Generated by org.testng.reporters.JUnitReportReporter -->
<testsuite skipped="0" hostname="Veeranti" name="com.HRM.testcases.AdminModulePageTest" tests="22" failures="0" timestamp="26 Jul 2018 07:37:56 GMT" time="497.752" errors="0">
  <testcase name="verifyAdminPageHeaderTest" time="15.427" classname="com.HRM.testcases.AdminModulePageTest"/>
  <testcase name="verifyClickonUsersMenuTest" time="14.666" classname="com.HRM.testcases.AdminModulePageTest"/>
  <testcase name="verifyJobTitlesMenuTest" time="17.953" classname="com.HRM.testcases.AdminModulePageTest"/>
  <testcase name="verifyPayGradesMenuTest" time="16.066" classname="com.HRM.testcases.AdminModulePageTest"/>
  <testcase name="verifyEmploymentStatusMenuTest" time="17.721" classname="com.HRM.testcases.AdminModulePageTest"/>
  <testcase name="verifyWorkShiftsMenuTest" time="15.401" classname="com.HRM.testcases.AdminModulePageTest"/>
  <testcase name="verifyJobCategoriesMenuTest" time="13.925" classname="com.HRM.testcases.AdminModulePageTest"/>
  <testcase name="verifyGeneralInfoMenuTest" time="14.106" classname="com.HRM.testcases.AdminModulePageTest"/>
  <testcase name="verifyLocationsMenuTest" time="37.139" classname="com.HRM.testcases.AdminModulePageTest"/>
  <testcase name="verifyStructureMenuTest" time="18.136" classname="com.HRM.testcases.AdminModulePageTest"/>
  <testcase name="verifySkillsMenuTest" time="15.844" classname="com.HRM.testcases.AdminModulePageTest"/>
  <testcase name="verifyEducationMenuTest" time="46.324" classname="com.HRM.testcases.AdminModulePageTest"/>
  <testcase name="verifyLicensesMenuTest" time="19.375" classname="com.HRM.testcases.AdminModulePageTest"/>
  <testcase name="verifyLanguagesMenuTest" time="38.435" classname="com.HRM.testcases.AdminModulePageTest"/>
  <testcase name="verifyMembershipsMenuTest" time="18.213" classname="com.HRM.testcases.AdminModulePageTest"/>
  <testcase name="verifyNationalitiesMenuTest" time="19.756" classname="com.HRM.testcases.AdminModulePageTest"/>
  <testcase name="verifyEmailConfigMenuTest" time="22.452" classname="com.HRM.testcases.AdminModulePageTest"/>
  <testcase name="verifyEmailNotifyMenuTest" time="20.425" classname="com.HRM.testcases.AdminModulePageTest"/>
  <testcase name="verifyLocalizationMenuTest" time="13.948" classname="com.HRM.testcases.AdminModulePageTest"/>
  <testcase name="verifyModulesMenuTest" time="16.724" classname="com.HRM.testcases.AdminModulePageTest"/>
  <testcase name="verifySocialMediaMenuTest" time="17.160" classname="com.HRM.testcases.AdminModulePageTest"/>
  <testcase name="verifyOAuthClientMenuTest" time="68.556" classname="com.HRM.testcases.AdminModulePageTest"/>
</testsuite> <!-- com.HRM.testcases.AdminModulePageTest -->
