<?xml version="1.0" encoding="UTF-8"?>
<!-- Generated by org.testng.reporters.JUnitReportReporter -->
<testsuite skipped="0" hostname="Veeranti" name="com.HRM.testcases.LoginPageTest" tests="4" failures="0" timestamp="25 Jul 2018 08:00:59 GMT" time="133.178" errors="0">
  <testcase name="verifyLoginPageTitleTest" time="42.726" classname="com.HRM.testcases.LoginPageTest"/>
  <testcase name="verifyLoginPageLogoTest" time="9.353" classname="com.HRM.testcases.LoginPageTest"/>
  <testcase name="verifyAdminCredintialsTest" time="40.801" classname="com.HRM.testcases.LoginPageTest"/>
  <testcase name="verifyUserCredintialsTest" time="40.298" classname="com.HRM.testcases.LoginPageTest"/>
</testsuite> <!-- com.HRM.testcases.LoginPageTest -->
