<?xml version="1.0" encoding="UTF-8"?>
<!-- Generated by org.testng.reporters.JUnitReportReporter -->
<testsuite skipped="0" hostname="Veeranti" name="com.HRM.testcases.AddJobTitlePageTest" tests="6" failures="0" timestamp="29 Jul 2018 16:29:47 GMT" time="341.038" errors="0">
  <testcase name="VerifyAddJobTitlePageHeaderTest" time="58.265" classname="com.HRM.testcases.AddJobTitlePageTest"/>
  <testcase name="VerifyPageLablesTest" time="82.102" classname="com.HRM.testcases.AddJobTitlePageTest"/>
  <testcase name="VerifyInsertTitleDataTest" time="53.653" classname="com.HRM.testcases.AddJobTitlePageTest"/>
  <testcase name="VerifyInsertTitleDataTest" time="54.381" classname="com.HRM.testcases.AddJobTitlePageTest"/>
  <testcase name="VerifyInsertTitleDataTest" time="48.931" classname="com.HRM.testcases.AddJobTitlePageTest"/>
  <testcase name="VerifyClickOnCancelTest" time="43.706" classname="com.HRM.testcases.AddJobTitlePageTest"/>
</testsuite> <!-- com.HRM.testcases.AddJobTitlePageTest -->
