<?xml version="1.0" encoding="UTF-8"?>
<!-- Generated by org.testng.reporters.JUnitReportReporter -->
<testsuite skipped="0" hostname="Veeranti" name="com.HRM.testcases.NationalitiesPageTest" tests="12" failures="0" timestamp="03 Sep 2018 05:12:06 GMT" time="577.652" errors="0">
  <testcase name="VerifyNationalityPageHeaderTest" time="35.259" classname="com.HRM.testcases.NationalitiesPageTest"/>
  <testcase name="VerifyAddNationalityPageHeaderTest" time="43.820" classname="com.HRM.testcases.NationalitiesPageTest"/>
  <testcase name="VerifyAddNationalityTest" time="50.518" classname="com.HRM.testcases.NationalitiesPageTest"/>
  <testcase name="VerifyAddNationalityTest" time="48.107" classname="com.HRM.testcases.NationalitiesPageTest"/>
  <testcase name="VerifyAddNationalityTest" time="48.206" classname="com.HRM.testcases.NationalitiesPageTest"/>
  <testcase name="VerifyAddNationalityTest" time="72.021" classname="com.HRM.testcases.NationalitiesPageTest"/>
  <testcase name="VerifyDeleteNationalityTest" time="52.280" classname="com.HRM.testcases.NationalitiesPageTest"/>
  <testcase name="VerifyDeleteNationalityTest" time="41.817" classname="com.HRM.testcases.NationalitiesPageTest"/>
  <testcase name="VerifyDeleteNationalityTest" time="45.511" classname="com.HRM.testcases.NationalitiesPageTest"/>
  <testcase name="VerifyEditNationalityTest" time="53.600" classname="com.HRM.testcases.NationalitiesPageTest"/>
  <testcase name="VerifyEditNationalityTest" time="40.467" classname="com.HRM.testcases.NationalitiesPageTest"/>
  <testcase name="VerifyEditNationalityTest" time="46.046" classname="com.HRM.testcases.NationalitiesPageTest"/>
</testsuite> <!-- com.HRM.testcases.NationalitiesPageTest -->
