<?xml version="1.0" encoding="UTF-8"?>
<!-- Generated by org.testng.reporters.JUnitReportReporter -->
<testsuite skipped="0" hostname="Veeranti" name="com.HRM.testcases.UsersPageTest" tests="3" failures="0" timestamp="25 Jul 2018 08:00:59 GMT" time="139.657" errors="0">
  <testcase name="verifyAddRoleTest" time="54.217" classname="com.HRM.testcases.UsersPageTest"/>
  <testcase name="verifyDeleteRoleTest" time="42.834" classname="com.HRM.testcases.UsersPageTest"/>
  <testcase name="verifyUserRoleDataTest" time="42.606" classname="com.HRM.testcases.UsersPageTest"/>
</testsuite> <!-- com.HRM.testcases.UsersPageTest -->
