<?xml version="1.0" encoding="UTF-8"?>
<!-- Generated by org.testng.reporters.JUnitReportReporter -->
<testsuite skipped="0" hostname="Veeranti" name="com.HRM.testcases.UsersPageTest" tests="3" failures="0" timestamp="24 Jul 2018 07:46:58 GMT" time="72.685" errors="0">
  <testcase name="verifyAddRoleTest" time="21.490" classname="com.HRM.testcases.UsersPageTest"/>
  <testcase name="verifyDeleteRoleTest" time="17.803" classname="com.HRM.testcases.UsersPageTest"/>
  <testcase name="verifyUserRoleDataTest" time="33.392" classname="com.HRM.testcases.UsersPageTest"/>
</testsuite> <!-- com.HRM.testcases.UsersPageTest -->
