<?xml version="1.0" encoding="UTF-8"?>
<!-- Generated by org.testng.reporters.JUnitReportReporter -->
<testsuite skipped="0" hostname="Veeranti" name="com.HRM.testcases.LicensesPageTest" tests="9" failures="0" timestamp="27 Aug 2018 06:38:49 GMT" time="177.712" errors="0">
  <testcase name="VerifylicensesPageHeaderTest" time="17.229" classname="com.HRM.testcases.LicensesPageTest"/>
  <testcase name="VerifyAddlicensesPageHeaderTest" time="18.915" classname="com.HRM.testcases.LicensesPageTest"/>
  <testcase name="VerifyAddLicenseTest" time="22.109" classname="com.HRM.testcases.LicensesPageTest"/>
  <testcase name="VerifyAddLicenseTest" time="21.387" classname="com.HRM.testcases.LicensesPageTest"/>
  <testcase name="VerifyAddLicenseTest" time="20.592" classname="com.HRM.testcases.LicensesPageTest"/>
  <testcase name="VerifyDeleteSkillTest" time="22.464" classname="com.HRM.testcases.LicensesPageTest"/>
  <testcase name="VerifyEditLicenseTest" time="21.136" classname="com.HRM.testcases.LicensesPageTest"/>
  <testcase name="VerifyEditLicenseTest" time="19.557" classname="com.HRM.testcases.LicensesPageTest"/>
  <testcase name="VerifyEditLicenseTest" time="14.323" classname="com.HRM.testcases.LicensesPageTest"/>
</testsuite> <!-- com.HRM.testcases.LicensesPageTest -->
