<?xml version="1.0" encoding="UTF-8"?>
<!-- Generated by org.testng.reporters.JUnitReportReporter -->
<testsuite skipped="0" hostname="Veeranti" name="com.HRM.testcases.AdminHomePageTest" tests="13" failures="1" timestamp="22 Jul 2018 17:53:48 GMT" time="294.344" errors="0">
  <testcase name="verifyHomePageTitleTest" time="16.632" classname="com.HRM.testcases.AdminHomePageTest"/>
  <testcase name="verifyHomeLogoTest" time="20.756" classname="com.HRM.testcases.AdminHomePageTest"/>
  <testcase name="verifyAdminHomePageUserTest" time="22.952" classname="com.HRM.testcases.AdminHomePageTest"/>
  <testcase name="verifyAdminAboutLinkTest" time="23.030" classname="com.HRM.testcases.AdminHomePageTest"/>
  <testcase name="verifyAdminChangePasswordLinkTest" time="22.118" classname="com.HRM.testcases.AdminHomePageTest"/>
  <testcase name="verifyAdminLogoutLinkTest" time="23.623" classname="com.HRM.testcases.AdminHomePageTest">
    <failure type="java.lang.AssertionError" message="Not in Login Page expected [LOGIN Panel] but found [[[ChromeDriver: chrome on WIN8 (d31e5e7c02fe1174e6603e7e1605c783)] -&gt; id: logInPanelHeading]]">
      <![CDATA[java.lang.AssertionError: Not in Login Page expected [LOGIN Panel] but found [[[ChromeDriver: chrome on WIN8 (d31e5e7c02fe1174e6603e7e1605c783)] -> id: logInPanelHeading]]
	at org.testng.Assert.fail(Assert.java:93)
	at org.testng.Assert.failNotEquals(Assert.java:512)
	at org.testng.Assert.assertEqualsImpl(Assert.java:134)
	at org.testng.Assert.assertEquals(Assert.java:115)
	at com.HRM.testcases.AdminHomePageTest.verifyAdminLogoutLinkTest(AdminHomePageTest.java:74)
	at sun.reflect.NativeMethodAccessorImpl.invoke0(Native Method)
	at sun.reflect.NativeMethodAccessorImpl.invoke(NativeMethodAccessorImpl.java:62)
	at sun.reflect.DelegatingMethodAccessorImpl.invoke(DelegatingMethodAccessorImpl.java:43)
	at java.lang.reflect.Method.invoke(Method.java:497)
	at org.testng.internal.MethodInvocationHelper.invokeMethod(MethodInvocationHelper.java:108)
	at org.testng.internal.Invoker.invokeMethod(Invoker.java:661)
	at org.testng.internal.Invoker.invokeTestMethod(Invoker.java:869)
	at org.testng.internal.Invoker.invokeTestMethods(Invoker.java:1193)
	at org.testng.internal.TestMethodWorker.invokeTestMethods(TestMethodWorker.java:126)
	at org.testng.internal.TestMethodWorker.run(TestMethodWorker.java:109)
	at org.testng.TestRunner.privateRun(TestRunner.java:744)
	at org.testng.TestRunner.run(TestRunner.java:602)
	at org.testng.SuiteRunner.runTest(SuiteRunner.java:380)
	at org.testng.SuiteRunner.runSequentially(SuiteRunner.java:375)
	at org.testng.SuiteRunner.privateRun(SuiteRunner.java:340)
	at org.testng.SuiteRunner.run(SuiteRunner.java:289)
	at org.testng.SuiteRunnerWorker.runSuite(SuiteRunnerWorker.java:52)
	at org.testng.SuiteRunnerWorker.run(SuiteRunnerWorker.java:86)
	at org.testng.TestNG.runSuitesSequentially(TestNG.java:1301)
	at org.testng.TestNG.runSuitesLocally(TestNG.java:1226)
	at org.testng.TestNG.runSuites(TestNG.java:1144)
	at org.testng.TestNG.run(TestNG.java:1115)
	at org.testng.remote.AbstractRemoteTestNG.run(AbstractRemoteTestNG.java:114)
	at org.testng.remote.RemoteTestNG.initAndRun(RemoteTestNG.java:251)
	at org.testng.remote.RemoteTestNG.main(RemoteTestNG.java:77)
]]>
    </failure>
  </testcase> <!-- verifyAdminLogoutLinkTest -->
  <testcase name="verifyPIMPageLinkTest" time="22.176" classname="com.HRM.testcases.AdminHomePageTest"/>
  <testcase name="verifyLeavePageLinkTest" time="23.052" classname="com.HRM.testcases.AdminHomePageTest"/>
  <testcase name="verifyTimePageLinkTest" time="25.268" classname="com.HRM.testcases.AdminHomePageTest"/>
  <testcase name="verifyRecruitmentPageLinkTest" time="23.320" classname="com.HRM.testcases.AdminHomePageTest"/>
  <testcase name="verifyPerformancePageLinkTest" time="23.790" classname="com.HRM.testcases.AdminHomePageTest"/>
  <testcase name="verifyAdminDashboardLinkTest" time="23.571" classname="com.HRM.testcases.AdminHomePageTest"/>
  <testcase name="verifyDirectoryPageLinkTest" time="24.056" classname="com.HRM.testcases.AdminHomePageTest"/>
</testsuite> <!-- com.HRM.testcases.AdminHomePageTest -->
