<?xml version="1.0" encoding="UTF-8"?>
<!-- Generated by org.testng.reporters.JUnitReportReporter -->
<testsuite skipped="0" hostname="Veeranti" name="com.HRM.testcases.EmploymentStatusPageTest" tests="6" failures="0" timestamp="30 Jul 2018 07:14:26 GMT" time="105.448" errors="0">
  <testcase name="VerifyEmploymentStatusPageHeaderTest" time="17.013" classname="com.HRM.testcases.EmploymentStatusPageTest"/>
  <testcase name="VerifyAddEmpStatusTest" time="20.798" classname="com.HRM.testcases.EmploymentStatusPageTest"/>
  <testcase name="VerifyAddEmpStatusTest" time="16.650" classname="com.HRM.testcases.EmploymentStatusPageTest"/>
  <testcase name="VerifyAddEmpStatusTest" time="16.227" classname="com.HRM.testcases.EmploymentStatusPageTest"/>
  <testcase name="VerifyDeleteJobTitlesTest" time="15.725" classname="com.HRM.testcases.EmploymentStatusPageTest"/>
  <testcase name="VerifyDeleteJobTitlesTest" time="19.035" classname="com.HRM.testcases.EmploymentStatusPageTest"/>
</testsuite> <!-- com.HRM.testcases.EmploymentStatusPageTest -->
