<?xml version="1.0" encoding="UTF-8"?>
<!-- Generated by org.testng.reporters.JUnitReportReporter -->
<testsuite skipped="0" hostname="Veeranti" name="com.HRM.testcases.AdminModulePageTest" tests="22" failures="0" timestamp="25 Jul 2018 08:00:59 GMT" time="847.543" errors="0">
  <testcase name="verifyAdminPageHeaderTest" time="46.855" classname="com.HRM.testcases.AdminModulePageTest"/>
  <testcase name="verifyClickonUsersMenuTest" time="51.612" classname="com.HRM.testcases.AdminModulePageTest"/>
  <testcase name="verifyJobTitlesMenuTest" time="47.570" classname="com.HRM.testcases.AdminModulePageTest"/>
  <testcase name="verifyPayGradesMenuTest" time="18.301" classname="com.HRM.testcases.AdminModulePageTest"/>
  <testcase name="verifyJobCategoriesMenuTest" time="43.062" classname="com.HRM.testcases.AdminModulePageTest"/>
  <testcase name="verifyEmploymentStatusMenuTest" time="49.060" classname="com.HRM.testcases.AdminModulePageTest"/>
  <testcase name="verifyWorkShiftsMenuTest" time="41.658" classname="com.HRM.testcases.AdminModulePageTest"/>
  <testcase name="verifyGeneralInfoMenuTest" time="43.688" classname="com.HRM.testcases.AdminModulePageTest"/>
  <testcase name="verifyLocationsMenuTest" time="46.032" classname="com.HRM.testcases.AdminModulePageTest"/>
  <testcase name="verifyStructureMenuTest" time="50.459" classname="com.HRM.testcases.AdminModulePageTest"/>
  <testcase name="verifySkillsMenuTest" time="45.396" classname="com.HRM.testcases.AdminModulePageTest"/>
  <testcase name="verifyEducationMenuTest" time="14.130" classname="com.HRM.testcases.AdminModulePageTest"/>
  <testcase name="verifyLicensesMenuTest" time="36.521" classname="com.HRM.testcases.AdminModulePageTest"/>
  <testcase name="verifyLanguagesMenuTest" time="13.962" classname="com.HRM.testcases.AdminModulePageTest"/>
  <testcase name="verifyMembershipsMenuTest" time="45.501" classname="com.HRM.testcases.AdminModulePageTest"/>
  <testcase name="verifyNationalitiesMenuTest" time="47.942" classname="com.HRM.testcases.AdminModulePageTest"/>
  <testcase name="verifyEmailConfigMenuTest" time="13.727" classname="com.HRM.testcases.AdminModulePageTest"/>
  <testcase name="verifyEmailNotifyMenuTest" time="36.487" classname="com.HRM.testcases.AdminModulePageTest"/>
  <testcase name="verifyLocalizationMenuTest" time="53.891" classname="com.HRM.testcases.AdminModulePageTest"/>
  <testcase name="verifyModulesMenuTest" time="45.558" classname="com.HRM.testcases.AdminModulePageTest"/>
  <testcase name="verifySocialMediaMenuTest" time="42.309" classname="com.HRM.testcases.AdminModulePageTest"/>
  <testcase name="verifyOAuthClientMenuTest" time="13.822" classname="com.HRM.testcases.AdminModulePageTest"/>
</testsuite> <!-- com.HRM.testcases.AdminModulePageTest -->
