<?xml version="1.0" encoding="UTF-8"?>
<!-- Generated by org.testng.reporters.JUnitReportReporter -->
<testsuite skipped="0" hostname="Veeranti" name="com.HRM.testcases.AddJobTitlePageTest" tests="6" failures="0" timestamp="29 Jul 2018 09:52:12 GMT" time="134.897" errors="0">
  <testcase name="VerifyAddJobTitlePageHeaderTest" time="18.022" classname="com.HRM.testcases.AddJobTitlePageTest"/>
  <testcase name="VerifyPageLablesTest" time="20.818" classname="com.HRM.testcases.AddJobTitlePageTest"/>
  <testcase name="VerifyInsertTitleDataTest" time="20.706" classname="com.HRM.testcases.AddJobTitlePageTest"/>
  <testcase name="VerifyInsertTitleDataTest" time="29.312" classname="com.HRM.testcases.AddJobTitlePageTest"/>
  <testcase name="VerifyInsertTitleDataTest" time="18.528" classname="com.HRM.testcases.AddJobTitlePageTest"/>
  <testcase name="VerifyClickOnCancelTest" time="27.511" classname="com.HRM.testcases.AddJobTitlePageTest"/>
</testsuite> <!-- com.HRM.testcases.AddJobTitlePageTest -->
