<?xml version="1.0" encoding="UTF-8"?>
<!-- Generated by org.testng.reporters.JUnitReportReporter -->
<testsuite skipped="4" hostname="Veeranti" name="com.HRM.testcases.LanguagePageTest" tests="5" failures="0" timestamp="28 Aug 2018 06:18:56 GMT" time="21.601" errors="0">
  <testcase name="VerifyDeleteLanguageTest" time="21.601" classname="com.HRM.testcases.LanguagePageTest"/>
  <testcase name="VerifylanguagePageHeaderTest" classname="com.HRM.testcases.LanguagePageTest">
    <skipped/>
  </testcase> <!-- VerifylanguagePageHeaderTest -->
  <testcase name="VerifyAddlanguagePageHeaderTest" classname="com.HRM.testcases.LanguagePageTest">
    <skipped/>
  </testcase> <!-- VerifyAddlanguagePageHeaderTest -->
  <testcase name="VerifyEditLanguageTest" classname="com.HRM.testcases.LanguagePageTest">
    <skipped/>
  </testcase> <!-- VerifyEditLanguageTest -->
  <testcase name="VerifyAddLanguageTest" classname="com.HRM.testcases.LanguagePageTest">
    <skipped/>
  </testcase> <!-- VerifyAddLanguageTest -->
</testsuite> <!-- com.HRM.testcases.LanguagePageTest -->
