<?xml version="1.0" encoding="UTF-8"?>
<!-- Generated by org.testng.reporters.JUnitReportReporter -->
<testsuite skipped="0" hostname="Veeranti" name="com.HRM.testcases.AddPayGradePageTest" tests="5" failures="0" timestamp="29 Jul 2018 09:52:12 GMT" time="99.333" errors="0">
  <testcase name="VerifyAddPayGradePageHeaderTest" time="23.210" classname="com.HRM.testcases.AddPayGradePageTest"/>
  <testcase name="VerifyPageLablesTest" time="17.748" classname="com.HRM.testcases.AddPayGradePageTest"/>
  <testcase name="VerifyInsertGradeDataTest" time="18.926" classname="com.HRM.testcases.AddPayGradePageTest"/>
  <testcase name="VerifyInsertGradeDataTest" time="21.004" classname="com.HRM.testcases.AddPayGradePageTest"/>
  <testcase name="VerifyClickOnCancelTest" time="18.445" classname="com.HRM.testcases.AddPayGradePageTest"/>
</testsuite> <!-- com.HRM.testcases.AddPayGradePageTest -->
