<?xml version="1.0" encoding="UTF-8"?>
<!-- Generated by org.testng.reporters.JUnitReportReporter -->
<testsuite skipped="0" hostname="Veeranti" name="com.HRM.testcases.RecruitmentPageTest" tests="3" failures="0" timestamp="29 Jul 2018 09:52:12 GMT" time="58.261" errors="0">
  <testcase name="verifyRecruitmentPageHeaderTest" time="14.611" classname="com.HRM.testcases.RecruitmentPageTest"/>
  <testcase name="verifyCandidatesMenuTest" time="20.761" classname="com.HRM.testcases.RecruitmentPageTest"/>
  <testcase name="verifyVacanciesMenuTest" time="22.889" classname="com.HRM.testcases.RecruitmentPageTest"/>
</testsuite> <!-- com.HRM.testcases.RecruitmentPageTest -->
