<?xml version="1.0" encoding="UTF-8"?>
<!-- Generated by org.testng.reporters.JUnitReportReporter -->
<testsuite skipped="1" hostname="Veeranti" name="com.HRM.testcases.StructurePageTest" tests="2" failures="0" timestamp="24 Aug 2018 04:24:55 GMT" time="47.331" errors="0">
  <testcase name="VerifyModifyOrgStructureTest" time="47.331" classname="com.HRM.testcases.StructurePageTest"/>
  <testcase name="VerifyStructurePageHeaderTest" classname="com.HRM.testcases.StructurePageTest">
    <skipped/>
  </testcase> <!-- VerifyStructurePageHeaderTest -->
</testsuite> <!-- com.HRM.testcases.StructurePageTest -->
