<?xml version="1.0" encoding="UTF-8"?>
<!-- Generated by org.testng.reporters.JUnitReportReporter -->
<testsuite skipped="0" hostname="Veeranti" name="com.HRM.testcases.PayGradesPageTest" tests="4" failures="0" timestamp="29 Jul 2018 09:52:13 GMT" time="86.130" errors="0">
  <testcase name="VerifyJobTitlesPageHeaderTest" time="31.039" classname="com.HRM.testcases.PayGradesPageTest"/>
  <testcase name="VerifyAddPayGradeTest" time="19.658" classname="com.HRM.testcases.PayGradesPageTest"/>
  <testcase name="VerifyDeleteJobTitlesTest" time="17.513" classname="com.HRM.testcases.PayGradesPageTest"/>
  <testcase name="VerifyDeleteJobTitlesTest" time="17.920" classname="com.HRM.testcases.PayGradesPageTest"/>
</testsuite> <!-- com.HRM.testcases.PayGradesPageTest -->
