<?xml version="1.0" encoding="UTF-8"?>
<!-- Generated by org.testng.reporters.JUnitReportReporter -->
<testsuite skipped="0" hostname="Veeranti" name="com.HRM.testcases.PIMPageTest" tests="9" failures="0" timestamp="29 Jul 2018 09:52:12 GMT" time="233.554" errors="0">
  <testcase name="verifyPIMPageHeaderTest" time="42.152" classname="com.HRM.testcases.PIMPageTest"/>
  <testcase name="verifyOptionalFieldsMenuTest" time="19.735" classname="com.HRM.testcases.PIMPageTest"/>
  <testcase name="verifyCustomFieldsMenuTest" time="19.515" classname="com.HRM.testcases.PIMPageTest"/>
  <testcase name="verifyEmpDataImportMenuTest" time="28.629" classname="com.HRM.testcases.PIMPageTest"/>
  <testcase name="verifyReportingMethodsMenuTest" time="18.022" classname="com.HRM.testcases.PIMPageTest"/>
  <testcase name="verifyTerminationsReasonsMenuTest" time="23.813" classname="com.HRM.testcases.PIMPageTest"/>
  <testcase name="verifyEmployeeListMenuTest" time="18.738" classname="com.HRM.testcases.PIMPageTest"/>
  <testcase name="verifyAddEmployeeMenuTest" time="44.213" classname="com.HRM.testcases.PIMPageTest"/>
  <testcase name="verifyReportsMenuTest" time="18.737" classname="com.HRM.testcases.PIMPageTest"/>
</testsuite> <!-- com.HRM.testcases.PIMPageTest -->
