<?xml version="1.0" encoding="UTF-8"?>
<!-- Generated by org.testng.reporters.JUnitReportReporter -->
<testsuite skipped="0" hostname="Veeranti" name="com.HRM.testcases.PIMPageTest" tests="9" failures="0" timestamp="26 Jul 2018 07:37:56 GMT" time="157.709" errors="0">
  <testcase name="verifyPIMPageHeaderTest" time="25.358" classname="com.HRM.testcases.PIMPageTest"/>
  <testcase name="verifyOptionalFieldsMenuTest" time="14.094" classname="com.HRM.testcases.PIMPageTest"/>
  <testcase name="verifyCustomFieldsMenuTest" time="16.651" classname="com.HRM.testcases.PIMPageTest"/>
  <testcase name="verifyEmpDataImportMenuTest" time="14.449" classname="com.HRM.testcases.PIMPageTest"/>
  <testcase name="verifyReportingMethodsMenuTest" time="15.491" classname="com.HRM.testcases.PIMPageTest"/>
  <testcase name="verifyTerminationsReasonsMenuTest" time="16.963" classname="com.HRM.testcases.PIMPageTest"/>
  <testcase name="verifyEmployeeListMenuTest" time="20.895" classname="com.HRM.testcases.PIMPageTest"/>
  <testcase name="verifyAddEmployeeMenuTest" time="19.334" classname="com.HRM.testcases.PIMPageTest"/>
  <testcase name="verifyReportsMenuTest" time="14.474" classname="com.HRM.testcases.PIMPageTest"/>
</testsuite> <!-- com.HRM.testcases.PIMPageTest -->
