<?xml version="1.0" encoding="UTF-8"?>
<!-- Generated by org.testng.reporters.JUnitReportReporter -->
<testsuite skipped="0" hostname="Veeranti" name="com.HRM.testcases.LeavePageTest" tests="10" failures="0" timestamp="29 Jul 2018 09:52:12 GMT" time="254.347" errors="0">
  <testcase name="verifyLeavePageHeaderTest" time="14.766" classname="com.HRM.testcases.LeavePageTest"/>
  <testcase name="verifyAddEntitlementsMenuTest" time="65.720" classname="com.HRM.testcases.LeavePageTest"/>
  <testcase name="verifyEmployeeEntitlementsMenuTest" time="18.372" classname="com.HRM.testcases.LeavePageTest"/>
  <testcase name="verifyLeaveUsageReportMenuTest" time="26.024" classname="com.HRM.testcases.LeavePageTest"/>
  <testcase name="verifyLeavePeriodMenuTest" time="22.845" classname="com.HRM.testcases.LeavePageTest"/>
  <testcase name="verifyLeaveTypesMenuTest" time="16.943" classname="com.HRM.testcases.LeavePageTest"/>
  <testcase name="verifyWorkWeekPageMenuTest" time="22.333" classname="com.HRM.testcases.LeavePageTest"/>
  <testcase name="verifyHolidaysMenuTest" time="28.552" classname="com.HRM.testcases.LeavePageTest"/>
  <testcase name="verifyLeaveLeaveListMenuTest" time="20.939" classname="com.HRM.testcases.LeavePageTest"/>
  <testcase name="verifyAssignLeaveMenuTest" time="17.853" classname="com.HRM.testcases.LeavePageTest"/>
</testsuite> <!-- com.HRM.testcases.LeavePageTest -->
