<?xml version="1.0" encoding="UTF-8"?>
<!-- Generated by org.testng.reporters.JUnitReportReporter -->
<testsuite skipped="0" hostname="Veeranti" name="com.HRM.testcases.AddJobTitlePageTest" tests="5" failures="0" timestamp="28 Jul 2018 16:15:53 GMT" time="91.559" errors="0">
  <testcase name="VerifyPageLablesTest" time="16.089" classname="com.HRM.testcases.AddJobTitlePageTest"/>
  <testcase name="VerifyInsertTitleDataTest" time="17.300" classname="com.HRM.testcases.AddJobTitlePageTest"/>
  <testcase name="VerifyInsertTitleDataTest" time="20.716" classname="com.HRM.testcases.AddJobTitlePageTest"/>
  <testcase name="VerifyInsertTitleDataTest" time="20.160" classname="com.HRM.testcases.AddJobTitlePageTest"/>
  <testcase name="VerifyClickOnCancelTest" time="17.294" classname="com.HRM.testcases.AddJobTitlePageTest"/>
</testsuite> <!-- com.HRM.testcases.AddJobTitlePageTest -->
