<?xml version="1.0" encoding="UTF-8"?>
<!-- Generated by org.testng.reporters.JUnitReportReporter -->
<testsuite skipped="4" hostname="Veeranti" name="com.HRM.testcases.MembershipsPageTest" tests="7" failures="0" timestamp="01 Sep 2018 05:55:04 GMT" time="43.794" errors="0">
  <testcase name="VerifyEditMembershipsTest" time="15.631" classname="com.HRM.testcases.MembershipsPageTest"/>
  <testcase name="VerifyEditMembershipsTest" time="14.108" classname="com.HRM.testcases.MembershipsPageTest"/>
  <testcase name="VerifyEditMembershipsTest" time="14.055" classname="com.HRM.testcases.MembershipsPageTest"/>
  <testcase name="VerifyDeleteMembershipsTest" classname="com.HRM.testcases.MembershipsPageTest">
    <skipped/>
  </testcase> <!-- VerifyDeleteMembershipsTest -->
  <testcase name="VerifyAddMembershipsTest" classname="com.HRM.testcases.MembershipsPageTest">
    <skipped/>
  </testcase> <!-- VerifyAddMembershipsTest -->
  <testcase name="VerifyAddmembershipPageHeaderTest" classname="com.HRM.testcases.MembershipsPageTest">
    <skipped/>
  </testcase> <!-- VerifyAddmembershipPageHeaderTest -->
  <testcase name="VerifymembershipPageHeaderTest" classname="com.HRM.testcases.MembershipsPageTest">
    <skipped/>
  </testcase> <!-- VerifymembershipPageHeaderTest -->
</testsuite> <!-- com.HRM.testcases.MembershipsPageTest -->
