<?xml version="1.0" encoding="UTF-8"?>
<!-- Generated by org.testng.reporters.JUnitReportReporter -->
<testsuite skipped="2" hostname="Veeranti" name="com.HRM.testcases.EducationPageTest" tests="9" failures="0" timestamp="27 Aug 2018 05:53:49 GMT" time="113.181" errors="0">
  <testcase name="VerifyAddEducationTest" time="18.414" classname="com.HRM.testcases.EducationPageTest"/>
  <testcase name="VerifyAddEducationTest" time="14.188" classname="com.HRM.testcases.EducationPageTest"/>
  <testcase name="VerifyAddEducationTest" time="16.470" classname="com.HRM.testcases.EducationPageTest"/>
  <testcase name="VerifyDeleteSkillTest" time="16.319" classname="com.HRM.testcases.EducationPageTest"/>
  <testcase name="VerifyEditEducationTest" time="16.857" classname="com.HRM.testcases.EducationPageTest"/>
  <testcase name="VerifyEditEducationTest" time="14.382" classname="com.HRM.testcases.EducationPageTest"/>
  <testcase name="VerifyEditEducationTest" time="16.551" classname="com.HRM.testcases.EducationPageTest"/>
  <testcase name="VerifyEducationPageHeaderTest" classname="com.HRM.testcases.EducationPageTest">
    <skipped/>
  </testcase> <!-- VerifyEducationPageHeaderTest -->
  <testcase name="VerifyAddEducationPageHeaderTest" classname="com.HRM.testcases.EducationPageTest">
    <skipped/>
  </testcase> <!-- VerifyAddEducationPageHeaderTest -->
</testsuite> <!-- com.HRM.testcases.EducationPageTest -->
