<?xml version="1.0" encoding="UTF-8"?>
<!-- Generated by org.testng.reporters.JUnitReportReporter -->
<testsuite skipped="1" hostname="Veeranti" name="com.HRM.testcases.JobTitlesPageTest" tests="3" failures="0" timestamp="28 Jul 2018 16:20:55 GMT" time="29.440" errors="0">
  <testcase name="VerifyDeleteJobTitlesTest" time="13.521" classname="com.HRM.testcases.JobTitlesPageTest"/>
  <testcase name="VerifyDeleteJobTitlesTest" time="15.919" classname="com.HRM.testcases.JobTitlesPageTest"/>
  <testcase name="VerifyAddJobTitlesTest" classname="com.HRM.testcases.JobTitlesPageTest">
    <skipped/>
  </testcase> <!-- VerifyAddJobTitlesTest -->
</testsuite> <!-- com.HRM.testcases.JobTitlesPageTest -->
