<?xml version="1.0" encoding="UTF-8"?>
<!-- Generated by org.testng.reporters.JUnitReportReporter -->
<testsuite skipped="0" hostname="Veeranti" name="com.HRM.testcases.AdminModulePageTest" tests="22" failures="0" timestamp="29 Jul 2018 09:52:12 GMT" time="495.560" errors="0">
  <testcase name="verifyAdminPageHeaderTest" time="21.906" classname="com.HRM.testcases.AdminModulePageTest"/>
  <testcase name="verifyClickonUsersMenuTest" time="25.600" classname="com.HRM.testcases.AdminModulePageTest"/>
  <testcase name="verifyJobTitlesMenuTest" time="18.425" classname="com.HRM.testcases.AdminModulePageTest"/>
  <testcase name="verifyPayGradesMenuTest" time="15.668" classname="com.HRM.testcases.AdminModulePageTest"/>
  <testcase name="verifyWorkShiftsMenuTest" time="19.353" classname="com.HRM.testcases.AdminModulePageTest"/>
  <testcase name="verifyJobCategoriesMenuTest" time="16.311" classname="com.HRM.testcases.AdminModulePageTest"/>
  <testcase name="verifyEmploymentStatusMenuTest" time="23.979" classname="com.HRM.testcases.AdminModulePageTest"/>
  <testcase name="verifyGeneralInfoMenuTest" time="21.660" classname="com.HRM.testcases.AdminModulePageTest"/>
  <testcase name="verifyLocationsMenuTest" time="22.825" classname="com.HRM.testcases.AdminModulePageTest"/>
  <testcase name="verifyStructureMenuTest" time="25.398" classname="com.HRM.testcases.AdminModulePageTest"/>
  <testcase name="verifySkillsMenuTest" time="22.913" classname="com.HRM.testcases.AdminModulePageTest"/>
  <testcase name="verifyEducationMenuTest" time="21.479" classname="com.HRM.testcases.AdminModulePageTest"/>
  <testcase name="verifyLicensesMenuTest" time="24.855" classname="com.HRM.testcases.AdminModulePageTest"/>
  <testcase name="verifyLanguagesMenuTest" time="22.407" classname="com.HRM.testcases.AdminModulePageTest"/>
  <testcase name="verifyMembershipsMenuTest" time="23.191" classname="com.HRM.testcases.AdminModulePageTest"/>
  <testcase name="verifyNationalitiesMenuTest" time="32.703" classname="com.HRM.testcases.AdminModulePageTest"/>
  <testcase name="verifyEmailConfigMenuTest" time="25.662" classname="com.HRM.testcases.AdminModulePageTest"/>
  <testcase name="verifyEmailNotifyMenuTest" time="21.882" classname="com.HRM.testcases.AdminModulePageTest"/>
  <testcase name="verifyLocalizationMenuTest" time="25.807" classname="com.HRM.testcases.AdminModulePageTest"/>
  <testcase name="verifyModulesMenuTest" time="19.874" classname="com.HRM.testcases.AdminModulePageTest"/>
  <testcase name="verifySocialMediaMenuTest" time="24.014" classname="com.HRM.testcases.AdminModulePageTest"/>
  <testcase name="verifyOAuthClientMenuTest" time="19.648" classname="com.HRM.testcases.AdminModulePageTest"/>
</testsuite> <!-- com.HRM.testcases.AdminModulePageTest -->
