<?xml version="1.0" encoding="UTF-8"?>
<!-- Generated by org.testng.reporters.JUnitReportReporter -->
<testsuite skipped="0" hostname="Veeranti" name="com.HRM.testcases.LeavePageTest" tests="10" failures="0" timestamp="25 Jul 2018 08:00:59 GMT" time="388.833" errors="0">
  <testcase name="verifyLeavePageHeaderTest" time="42.858" classname="com.HRM.testcases.LeavePageTest"/>
  <testcase name="verifyAddEntitlementsMenuTest" time="50.544" classname="com.HRM.testcases.LeavePageTest"/>
  <testcase name="verifyEmployeeEntitlementsMenuTest" time="44.178" classname="com.HRM.testcases.LeavePageTest"/>
  <testcase name="verifyLeaveUsageReportMenuTest" time="16.984" classname="com.HRM.testcases.LeavePageTest"/>
  <testcase name="verifyLeavePeriodMenuTest" time="45.352" classname="com.HRM.testcases.LeavePageTest"/>
  <testcase name="verifyLeaveTypesMenuTest" time="55.516" classname="com.HRM.testcases.LeavePageTest"/>
  <testcase name="verifyWorkWeekPageMenuTest" time="44.448" classname="com.HRM.testcases.LeavePageTest"/>
  <testcase name="verifyHolidaysMenuTest" time="17.454" classname="com.HRM.testcases.LeavePageTest"/>
  <testcase name="verifyLeaveLeaveListMenuTest" time="37.106" classname="com.HRM.testcases.LeavePageTest"/>
  <testcase name="verifyAssignLeaveMenuTest" time="34.393" classname="com.HRM.testcases.LeavePageTest"/>
</testsuite> <!-- com.HRM.testcases.LeavePageTest -->
