<?xml version="1.0" encoding="UTF-8"?>
<!-- Generated by org.testng.reporters.JUnitReportReporter -->
<testsuite skipped="0" hostname="Veeranti" name="com.HRM.testcases.UsersPageTest" tests="3" failures="0" timestamp="26 Jul 2018 07:37:56 GMT" time="48.940" errors="0">
  <testcase name="verifyAddRoleTest" time="19.376" classname="com.HRM.testcases.UsersPageTest"/>
  <testcase name="verifyDeleteRoleTest" time="13.527" classname="com.HRM.testcases.UsersPageTest"/>
  <testcase name="verifyUserRoleDataTest" time="16.037" classname="com.HRM.testcases.UsersPageTest"/>
</testsuite> <!-- com.HRM.testcases.UsersPageTest -->
