<?xml version="1.0" encoding="UTF-8"?>
<!-- Generated by org.testng.reporters.JUnitReportReporter -->
<testsuite skipped="0" hostname="Veeranti" name="com.HRM.testcases.PerformancePageTest" tests="4" failures="0" timestamp="26 Jul 2018 07:37:56 GMT" time="62.378" errors="0">
  <testcase name="verifyKPIsMenuTest" time="16.238" classname="com.HRM.testcases.PerformancePageTest"/>
  <testcase name="verifyTrackersMenuTest" time="16.003" classname="com.HRM.testcases.PerformancePageTest"/>
  <testcase name="verifyManageReviewsMenuTest" time="14.348" classname="com.HRM.testcases.PerformancePageTest"/>
  <testcase name="verifyEmployeeTrackersMenuTest" time="15.789" classname="com.HRM.testcases.PerformancePageTest"/>
</testsuite> <!-- com.HRM.testcases.PerformancePageTest -->
